Copyright 1986-2020 Xilinx, Inc. All Rights Reserved.
-----------------------------------------------------------------------------------------------------------------------------------------------------------------------
| Tool Version : Vivado v.2020.2 (win64) Build 3064766 Wed Nov 18 09:12:45 MST 2020
| Date         : Tue Mar 22 17:14:32 2022
| Host         : ensc-pit-w17 running 64-bit major release  (build 9200)
| Command      : report_methodology -file top_wrapper_methodology_drc_routed.rpt -pb top_wrapper_methodology_drc_routed.pb -rpx top_wrapper_methodology_drc_routed.rpx
| Design       : top_wrapper
| Device       : xc7z020clg484-1
| Speed File   : -1
| Design State : Fully Routed
-----------------------------------------------------------------------------------------------------------------------------------------------------------------------

Report Methodology

Table of Contents
-----------------
1. REPORT SUMMARY
2. REPORT DETAILS

1. REPORT SUMMARY
-----------------
            Netlist: netlist
          Floorplan: design_1
      Design limits: <entire design considered>
             Max violations: <unlimited>
             Violations found: 1
+--------+----------+--------------------------------------------------------+------------+
| Rule   | Severity | Description                                            | Violations |
+--------+----------+--------------------------------------------------------+------------+
| XDCC-7 | Warning  | Scoped Clock constraint overwritten on the same source | 1          |
+--------+----------+--------------------------------------------------------+------------+

2. REPORT DETAILS
-----------------
XDCC-7#1 Warning
Scoped Clock constraint overwritten on the same source  
A new clock constraint create_clock overrides a previous scoped clock constraint defined on the same source. It is not recommended to override a scoped (typically an IP) clock constraint and could result in unexpected behaviors.
New: create_clock -period 10.000 -name clock -waveform {0.000 5.000} [get_ports sys_clock] (Source: U:/ENSC462/LAB4/github/ENSC462Lab4VideoController/source/top.xdc (Line: 5))
Previous: create_clock -period 10.000 [get_ports sys_clock] (Source: u:/ENSC462/lab2b/lab4/lab4.gen/sources_1/bd/top/ip/top_clk_wiz_0_0/top_clk_wiz_0_0.xdc (Line: 56))
Related violations: <none>


